[2012-08-02 06:33:56][INFO ] [ DBRO Start      ] START
[2012-08-02 06:33:56][INFO ] [ DBro INFO       ]
[2012-08-02 06:33:56][INFO ] [ DBro INFO       ][ SMS_IP          ][211.51.221.11]
[2012-08-02 06:33:56][INFO ] [ DBro INFO       ][ SMS_POPT        ][9000]
[2012-08-02 06:33:56][INFO ] [ DBro INFO       ][ SMS_ID          ][daeyeon2]
[2012-08-02 06:33:56][INFO ] [ DBro INFO       ][ SMS_SOCKET      ][1]
[2012-08-02 06:33:56][INFO ] [ DBro INFO       ]
[2012-08-02 06:33:56][INFO ] [ DBro SENDER     ][ ON              ][true]
[2012-08-02 06:33:56][INFO ] [ DBro RECEVIER   ][ ON              ][true]
[2012-08-02 06:33:56][INFO ] [ DBro DUPLEX     ][ ON              ][false]
[2012-08-02 06:33:56][INFO ] [ DBro Sign          ][ ON              ][false]
[2012-08-02 06:33:56][INFO ] [ DB INFO         ]
[2012-08-02 06:33:56][INFO ] [ DB INFO         ][ DB_NAME           ][MYSQL]
[2012-08-02 06:33:56][INFO ] [ DB INFO         ][ DB_USERID         ][root]
[2012-08-02 06:33:56][INFO ] [ DB INFO         ][ DB_DRIVER         ][ocom.mysql.jdbc.Driver]
[2012-08-02 06:33:56][INFO ] [ DB INFO         ][ DB_URL            ][jdbc:mysql://125.209.196.29:3306/SMS_SERVER?useUnicode=true&characterEncoding=euc-kr]
[2012-08-02 06:33:56][INFO ] [ DB INFO         ][ DB_CHARSET        ][EUC-KR]
[2012-08-02 06:33:56][INFO ] [ DB INFO         ][ LOGTBUNIFY        ][false]
[2012-08-02 06:33:56][INFO ] [ DB INFO         ][ SEND_TB           ][em_tran]
[2012-08-02 06:33:56][INFO ] [ DB INFO         ][ DB_CASE           ][false]
[2012-08-02 06:33:56][INFO ] [ DB INFO         ][ LOG_TB            ][em_log_yyyymm]
[2012-08-02 06:33:56][INFO ] [ DB INFO         ][ MMS_TB            ][em_tran_mms]
[2012-08-02 06:33:56][INFO ] [ ETC             ]
[2012-08-02 06:33:56][INFO ] [ ETC             ][ TRAN TERM       ][1]
[2012-08-02 06:33:56][INFO ] [ ETC             ][ PING TERM       ][60]
[2012-08-02 06:33:56][INFO ] [ ETC             ][ DB PING TERM  ][60]
[2012-08-02 06:33:56][INFO ] [ ETC             ][ LIMIT TIME ZONE ][ ~ ]
[2012-08-02 06:33:56][INFO ] [ ETC             ][ BEFORE TIME     ][3]
[2012-08-02 06:33:56][INFO ] [ ETC             ][ DB NOMOVE       ][true]
[2012-08-02 06:33:56][INFO ] [ ETC             ][ DB NOBATCH      ][true]
[2012-08-02 06:33:56][INFO ] [ ETC             ][ DB ORDERBY      ][true]
[2012-08-02 06:35:08][INFO ] [ DBRO Start      ] START
[2012-08-02 06:35:08][INFO ] [ DBro INFO       ]
[2012-08-02 06:35:08][INFO ] [ DBro INFO       ][ SMS_IP          ][211.51.221.11]
[2012-08-02 06:35:08][INFO ] [ DBro INFO       ][ SMS_POPT        ][9000]
[2012-08-02 06:35:08][INFO ] [ DBro INFO       ][ SMS_ID          ][daeyeon2]
[2012-08-02 06:35:08][INFO ] [ DBro INFO       ][ SMS_SOCKET      ][1]
[2012-08-02 06:35:08][INFO ] [ DBro INFO       ]
[2012-08-02 06:35:08][INFO ] [ DBro SENDER     ][ ON              ][true]
[2012-08-02 06:35:08][INFO ] [ DBro RECEVIER   ][ ON              ][true]
[2012-08-02 06:35:08][INFO ] [ DBro DUPLEX     ][ ON              ][false]
[2012-08-02 06:35:08][INFO ] [ DBro Sign          ][ ON              ][false]
[2012-08-02 06:35:08][INFO ] [ DB INFO         ]
[2012-08-02 06:35:08][INFO ] [ DB INFO         ][ DB_NAME           ][MYSQL]
[2012-08-02 06:35:08][INFO ] [ DB INFO         ][ DB_USERID         ][root]
[2012-08-02 06:35:08][INFO ] [ DB INFO         ][ DB_DRIVER         ][ocom.mysql.jdbc.Driver]
[2012-08-02 06:35:08][INFO ] [ DB INFO         ][ DB_URL            ][jdbc:mysql://125.209.196.29:3306/SMS_SERVER?useUnicode=true&characterEncoding=euc-kr]
[2012-08-02 06:35:08][INFO ] [ DB INFO         ][ DB_CHARSET        ][EUC-KR]
[2012-08-02 06:35:08][INFO ] [ DB INFO         ][ LOGTBUNIFY        ][false]
[2012-08-02 06:35:08][INFO ] [ DB INFO         ][ SEND_TB           ][em_tran]
[2012-08-02 06:35:08][INFO ] [ DB INFO         ][ DB_CASE           ][false]
[2012-08-02 06:35:08][INFO ] [ DB INFO         ][ LOG_TB            ][em_log_yyyymm]
[2012-08-02 06:35:08][INFO ] [ DB INFO         ][ MMS_TB            ][em_tran_mms]
[2012-08-02 06:35:08][INFO ] [ ETC             ]
[2012-08-02 06:35:08][INFO ] [ ETC             ][ TRAN TERM       ][1]
[2012-08-02 06:35:08][INFO ] [ ETC             ][ PING TERM       ][60]
[2012-08-02 06:35:08][INFO ] [ ETC             ][ DB PING TERM  ][60]
[2012-08-02 06:35:08][INFO ] [ ETC             ][ LIMIT TIME ZONE ][ ~ ]
[2012-08-02 06:35:08][INFO ] [ ETC             ][ BEFORE TIME     ][3]
[2012-08-02 06:35:08][INFO ] [ ETC             ][ DB NOMOVE       ][true]
[2012-08-02 06:35:08][INFO ] [ ETC             ][ DB NOBATCH      ][true]
[2012-08-02 06:35:08][INFO ] [ ETC             ][ DB ORDERBY      ][true]
[2012-08-02 06:35:26][INFO ] [ DBRO Start      ] START
[2012-08-02 06:35:26][INFO ] [ DBro INFO       ]
[2012-08-02 06:35:26][INFO ] [ DBro INFO       ][ SMS_IP          ][211.51.221.11]
[2012-08-02 06:35:26][INFO ] [ DBro INFO       ][ SMS_POPT        ][9000]
[2012-08-02 06:35:26][INFO ] [ DBro INFO       ][ SMS_ID          ][daeyeon2]
[2012-08-02 06:35:26][INFO ] [ DBro INFO       ][ SMS_SOCKET      ][1]
[2012-08-02 06:35:26][INFO ] [ DBro INFO       ]
[2012-08-02 06:35:26][INFO ] [ DBro SENDER     ][ ON              ][true]
[2012-08-02 06:35:26][INFO ] [ DBro RECEVIER   ][ ON              ][true]
[2012-08-02 06:35:26][INFO ] [ DBro DUPLEX     ][ ON              ][false]
[2012-08-02 06:35:26][INFO ] [ DBro Sign          ][ ON              ][false]
[2012-08-02 06:35:26][INFO ] [ DB INFO         ]
[2012-08-02 06:35:26][INFO ] [ DB INFO         ][ DB_NAME           ][MYSQL]
[2012-08-02 06:35:26][INFO ] [ DB INFO         ][ DB_USERID         ][root]
[2012-08-02 06:35:26][INFO ] [ DB INFO         ][ DB_DRIVER         ][ocom.mysql.jdbc.Driver]
[2012-08-02 06:35:26][INFO ] [ DB INFO         ][ DB_URL            ][jdbc:mysql://125.209.196.29:3306/SMS_SERVER?useUnicode=true&characterEncoding=euc-kr]
[2012-08-02 06:35:26][INFO ] [ DB INFO         ][ DB_CHARSET        ][EUC-KR]
[2012-08-02 06:35:26][INFO ] [ DB INFO         ][ LOGTBUNIFY        ][false]
[2012-08-02 06:35:26][INFO ] [ DB INFO         ][ SEND_TB           ][em_tran]
[2012-08-02 06:35:26][INFO ] [ DB INFO         ][ DB_CASE           ][false]
[2012-08-02 06:35:26][INFO ] [ DB INFO         ][ LOG_TB            ][em_log_yyyymm]
[2012-08-02 06:35:26][INFO ] [ DB INFO         ][ MMS_TB            ][em_tran_mms]
[2012-08-02 06:35:26][INFO ] [ ETC             ]
[2012-08-02 06:35:26][INFO ] [ ETC             ][ TRAN TERM       ][1]
[2012-08-02 06:35:26][INFO ] [ ETC             ][ PING TERM       ][60]
[2012-08-02 06:35:26][INFO ] [ ETC             ][ DB PING TERM  ][60]
[2012-08-02 06:35:26][INFO ] [ ETC             ][ LIMIT TIME ZONE ][ ~ ]
[2012-08-02 06:35:26][INFO ] [ ETC             ][ BEFORE TIME     ][3]
[2012-08-02 06:35:26][INFO ] [ ETC             ][ DB NOMOVE       ][true]
[2012-08-02 06:35:26][INFO ] [ ETC             ][ DB NOBATCH      ][true]
[2012-08-02 06:35:26][INFO ] [ ETC             ][ DB ORDERBY      ][true]
